{
  "uid" : "9c2a9e047b867bb1",
  "name" : "test_case_02",
  "fullName" : "test_1#test_case_02",
  "historyId" : "2510eae8cbc6568e716855a47fd0be7a",
  "time" : {
    "start" : 1556870528938,
    "stop" : 1556870528938,
    "duration" : 0
  },
  "description" : "\n    用例描述：Test case 02\n    ",
  "descriptionHtml" : "<pre><code>用例描述：Test case 02\n</code></pre>\n",
  "status" : "failed",
  "statusMessage" : "AssertionError: assert 0 == 1",
  "statusTrace" : "@allure.feature('test_module_02')\n    def test_case_02():\n        \"\"\"\n        用例描述：Test case 02\n        \"\"\"\n>       assert 0 == 1\nE       assert 0 == 1\n\ntest_1.py:18: AssertionError",
  "flaky" : false,
  "beforeStages" : [ {
    "name" : "_skip_sensitive",
    "time" : {
      "start" : 1556870528937,
      "stop" : 1556870528937,
      "duration" : 0
    },
    "status" : "passed",
    "steps" : [ ],
    "attachments" : [ ],
    "parameters" : [ ],
    "attachmentsCount" : 0,
    "shouldDisplayMessage" : false,
    "stepsCount" : 0,
    "hasContent" : false
  }, {
    "name" : "_verify_url",
    "time" : {
      "start" : 1556870528921,
      "stop" : 1556870528921,
      "duration" : 0
    },
    "status" : "passed",
    "steps" : [ ],
    "attachments" : [ ],
    "parameters" : [ ],
    "attachmentsCount" : 0,
    "shouldDisplayMessage" : false,
    "stepsCount" : 0,
    "hasContent" : false
  }, {
    "name" : "sensitive_url",
    "time" : {
      "start" : 1556870528921,
      "stop" : 1556870528921,
      "duration" : 0
    },
    "status" : "passed",
    "steps" : [ ],
    "attachments" : [ ],
    "parameters" : [ ],
    "attachmentsCount" : 0,
    "shouldDisplayMessage" : false,
    "stepsCount" : 0,
    "hasContent" : false
  }, {
    "name" : "base_url",
    "time" : {
      "start" : 1556870528921,
      "stop" : 1556870528921,
      "duration" : 0
    },
    "status" : "passed",
    "steps" : [ ],
    "attachments" : [ ],
    "parameters" : [ ],
    "attachmentsCount" : 0,
    "shouldDisplayMessage" : false,
    "stepsCount" : 0,
    "hasContent" : false
  } ],
  "testStage" : {
    "description" : "\n    用例描述：Test case 02\n    ",
    "status" : "failed",
    "statusMessage" : "AssertionError: assert 0 == 1",
    "statusTrace" : "@allure.feature('test_module_02')\n    def test_case_02():\n        \"\"\"\n        用例描述：Test case 02\n        \"\"\"\n>       assert 0 == 1\nE       assert 0 == 1\n\ntest_1.py:18: AssertionError",
    "steps" : [ ],
    "attachments" : [ {
      "uid" : "c59383465b668f8e",
      "name" : "log",
      "source" : "c59383465b668f8e.txt",
      "type" : "text/plain",
      "size" : 0
    }, {
      "uid" : "fc633140a397716c",
      "name" : "stdout",
      "source" : "fc633140a397716c.txt",
      "type" : "text/plain",
      "size" : 0
    }, {
      "uid" : "56bf299667e7943",
      "name" : "stderr",
      "source" : "56bf299667e7943.txt",
      "type" : "text/plain",
      "size" : 0
    } ],
    "parameters" : [ ],
    "attachmentsCount" : 3,
    "shouldDisplayMessage" : true,
    "stepsCount" : 0,
    "hasContent" : true
  },
  "afterStages" : [ ],
  "labels" : [ {
    "name" : "feature",
    "value" : "test_module_02"
  }, {
    "name" : "suite",
    "value" : "test_1"
  }, {
    "name" : "host",
    "value" : "PC-20181130ONTJ"
  }, {
    "name" : "thread",
    "value" : "2640-MainThread"
  }, {
    "name" : "framework",
    "value" : "pytest"
  }, {
    "name" : "language",
    "value" : "cpython3"
  }, {
    "name" : "package",
    "value" : "test_1"
  }, {
    "name" : "resultFormat",
    "value" : "allure2"
  } ],
  "parameters" : [ ],
  "links" : [ ],
  "hidden" : true,
  "retry" : true,
  "extra" : {
    "categories" : [ ],
    "tags" : [ ]
  },
  "source" : "9c2a9e047b867bb1.json",
  "parameterValues" : [ ]
}